===================== start time: 2019-07-22 14:23:11 ===================== 
current_time is: 2019-07-22 14:23:22, error message is: assess exception !! 
error message is: assess exception ! 
===================== end time: 2019-07-22 14:23:22 ===================== 
===================== start time: 2019-07-22 14:23:35 ===================== 
current_time is: 2019-07-22 14:23:47, error message is: assess exception !! 
error message is: assess exception ! 
===================== end time: 2019-07-22 14:23:47 ===================== 
===================== start time: 2019-07-22 14:24:52 ===================== 
current_time is: 2019-07-22 14:24:56, error message is: assess exception !! 
error message is: assess exception ! 
===================== end time: 2019-07-22 14:24:56 ===================== 
===================== start time: 2019-07-22 14:25:23 ===================== 
current_time is: 2019-07-22 14:25:56, error message is: page over range !! 
error message is: list index out of range 
===================== end time: 2019-07-22 14:25:56 ===================== 
===================== start time: 2019-07-22 14:28:15 ===================== 
current_time is: 2019-07-22 14:28:39, error message is: page over range !! 
current_time is: 2019-07-22 14:28:40, error message is: page over range !! 
current_time is: 2019-07-22 14:28:43, error message is: page over range !! 
current_time is: 2019-07-22 14:28:45, error message is: page over range !! 
current_time is: 2019-07-22 14:28:46, error message is: page over range !! 
current_time is: 2019-07-22 14:28:48, error message is: page over range !! 
current_time is: 2019-07-22 14:28:50, error message is: page over range !! 
current_time is: 2019-07-22 14:28:51, error message is: page over range !! 
current_time is: 2019-07-22 14:28:52, error message is: page over range !! 
current_time is: 2019-07-22 14:28:56, error message is: page over range !! 
current_time is: 2019-07-22 14:28:58, error message is: page over range !! 
current_time is: 2019-07-22 14:29:01, error message is: page over range !! 
current_time is: 2019-07-22 14:29:03, error message is: page over range !! 
current_time is: 2019-07-22 14:29:05, error message is: page over range !! 
current_time is: 2019-07-22 14:29:08, error message is: page over range !! 
current_time is: 2019-07-22 14:29:11, error message is: page over range !! 
current_time is: 2019-07-22 14:29:13, error message is: page over range !! 
current_time is: 2019-07-22 14:29:15, error message is: page over range !! 
current_time is: 2019-07-22 14:29:23, error message is: page over range !! 
current_time is: 2019-07-22 14:29:24, error message is: page over range !! 
current_time is: 2019-07-22 14:29:25, error message is: page over range !! 
current_time is: 2019-07-22 14:29:26, error message is: page over range !! 
current_time is: 2019-07-22 14:29:29, error message is: page over range !! 
current_time is: 2019-07-22 14:29:30, error message is: page over range !! 
current_time is: 2019-07-22 14:29:32, error message is: page over range !! 
current_time is: 2019-07-22 14:29:33, error message is: page over range !! 
current_time is: 2019-07-22 14:29:35, error message is: page over range !! 
current_time is: 2019-07-22 14:29:36, error message is: page over range !! 
current_time is: 2019-07-22 14:29:37, error message is: page over range !! 
current_time is: 2019-07-22 14:29:38, error message is: page over range !! 
current_time is: 2019-07-22 14:29:39, error message is: page over range !! 
current_time is: 2019-07-22 14:29:40, error message is: page over range !! 
current_time is: 2019-07-22 14:29:40, error message is: page over range !! 
===================== end time: 2019-07-22 14:29:40 ===================== 
===================== start time: 2019-07-22 14:29:40 ===================== 
current_time is: 2019-07-22 14:29:41, error message is: page over range !! 
current_time is: 2019-07-22 14:29:41, error message is: page over range !! 
current_time is: 2019-07-22 14:29:42, error message is: page over range !! 
current_time is: 2019-07-22 14:29:42, error message is: page over range !! 
current_time is: 2019-07-22 14:29:43, error message is: page over range !! 
current_time is: 2019-07-22 14:29:43, error message is: page over range !! 
current_time is: 2019-07-22 14:29:44, error message is: page over range !! 
current_time is: 2019-07-22 14:29:45, error message is: page over range !! 
current_time is: 2019-07-22 14:29:45, error message is: page over range !! 
current_time is: 2019-07-22 14:29:46, error message is: page over range !! 
current_time is: 2019-07-22 14:29:46, error message is: page over range !! 
current_time is: 2019-07-22 14:29:47, error message is: page over range !! 
current_time is: 2019-07-22 14:29:47, error message is: page over range !! 
current_time is: 2019-07-22 14:29:48, error message is: page over range !! 
current_time is: 2019-07-22 14:29:49, error message is: page over range !! 
current_time is: 2019-07-22 14:29:50, error message is: page over range !! 
current_time is: 2019-07-22 14:29:50, error message is: page over range !! 
current_time is: 2019-07-22 14:29:51, error message is: page over range !! 
current_time is: 2019-07-22 14:29:52, error message is: page over range !! 
current_time is: 2019-07-22 14:29:52, error message is: page over range !! 
current_time is: 2019-07-22 14:29:53, error message is: page over range !! 
current_time is: 2019-07-22 14:29:53, error message is: page over range !! 
current_time is: 2019-07-22 14:29:54, error message is: page over range !! 
current_time is: 2019-07-22 14:29:55, error message is: page over range !! 
current_time is: 2019-07-22 14:29:55, error message is: page over range !! 
current_time is: 2019-07-22 14:29:55, error message is: page over range !! 
current_time is: 2019-07-22 14:29:56, error message is: page over range !! 
current_time is: 2019-07-22 14:29:57, error message is: page over range !! 
current_time is: 2019-07-22 14:29:57, error message is: page over range !! 
current_time is: 2019-07-22 14:29:57, error message is: page over range !! 
current_time is: 2019-07-22 14:29:58, error message is: page over range !! 
current_time is: 2019-07-22 14:29:58, error message is: page over range !! 
current_time is: 2019-07-22 14:29:59, error message is: page over range !! 
===================== end time: 2019-07-22 14:29:59 ===================== 
===================== start time: 2019-07-22 14:29:59 ===================== 
current_time is: 2019-07-22 14:29:59, error message is: page over range !! 
current_time is: 2019-07-22 14:30:00, error message is: page over range !! 
current_time is: 2019-07-22 14:30:00, error message is: page over range !! 
current_time is: 2019-07-22 14:30:01, error message is: page over range !! 
current_time is: 2019-07-22 14:30:01, error message is: page over range !! 
current_time is: 2019-07-22 14:30:01, error message is: page over range !! 
current_time is: 2019-07-22 14:30:02, error message is: page over range !! 
current_time is: 2019-07-22 14:30:02, error message is: page over range !! 
current_time is: 2019-07-22 14:30:03, error message is: page over range !! 
current_time is: 2019-07-22 14:30:03, error message is: page over range !! 
current_time is: 2019-07-22 14:30:04, error message is: page over range !! 
current_time is: 2019-07-22 14:30:05, error message is: page over range !! 
current_time is: 2019-07-22 14:30:05, error message is: page over range !! 
current_time is: 2019-07-22 14:30:06, error message is: page over range !! 
current_time is: 2019-07-22 14:30:08, error message is: page over range !! 
current_time is: 2019-07-22 14:30:09, error message is: page over range !! 
current_time is: 2019-07-22 14:30:09, error message is: page over range !! 
current_time is: 2019-07-22 14:30:10, error message is: page over range !! 
current_time is: 2019-07-22 14:30:11, error message is: page over range !! 
current_time is: 2019-07-22 14:30:11, error message is: page over range !! 
current_time is: 2019-07-22 14:30:12, error message is: page over range !! 
current_time is: 2019-07-22 14:30:12, error message is: page over range !! 
current_time is: 2019-07-22 14:30:13, error message is: page over range !! 
current_time is: 2019-07-22 14:30:13, error message is: page over range !! 
current_time is: 2019-07-22 14:30:14, error message is: page over range !! 
current_time is: 2019-07-22 14:30:14, error message is: page over range !! 
current_time is: 2019-07-22 14:30:15, error message is: page over range !! 
current_time is: 2019-07-22 14:30:15, error message is: page over range !! 
current_time is: 2019-07-22 14:30:16, error message is: page over range !! 
current_time is: 2019-07-22 14:30:16, error message is: page over range !! 
current_time is: 2019-07-22 14:30:16, error message is: page over range !! 
current_time is: 2019-07-22 14:30:17, error message is: page over range !! 
current_time is: 2019-07-22 14:30:17, error message is: page over range !! 
===================== end time: 2019-07-22 14:30:17 ===================== 
===================== start time: 2019-07-22 14:30:17 ===================== 
current_time is: 2019-07-22 14:30:18, error message is: page over range !! 
current_time is: 2019-07-22 14:30:18, error message is: page over range !! 
current_time is: 2019-07-22 14:30:19, error message is: page over range !! 
current_time is: 2019-07-22 14:30:20, error message is: page over range !! 
current_time is: 2019-07-22 14:30:20, error message is: page over range !! 
current_time is: 2019-07-22 14:30:21, error message is: page over range !! 
current_time is: 2019-07-22 14:30:21, error message is: page over range !! 
current_time is: 2019-07-22 14:30:22, error message is: page over range !! 
current_time is: 2019-07-22 14:30:22, error message is: page over range !! 
current_time is: 2019-07-22 14:30:23, error message is: page over range !! 
current_time is: 2019-07-22 14:30:24, error message is: page over range !! 
current_time is: 2019-07-22 14:30:24, error message is: page over range !! 
current_time is: 2019-07-22 14:30:25, error message is: page over range !! 
current_time is: 2019-07-22 14:30:26, error message is: page over range !! 
current_time is: 2019-07-22 14:30:27, error message is: page over range !! 
current_time is: 2019-07-22 14:30:27, error message is: page over range !! 
current_time is: 2019-07-22 14:30:28, error message is: page over range !! 
current_time is: 2019-07-22 14:30:29, error message is: page over range !! 
current_time is: 2019-07-22 14:30:30, error message is: page over range !! 
current_time is: 2019-07-22 14:30:30, error message is: page over range !! 
current_time is: 2019-07-22 14:30:31, error message is: page over range !! 
current_time is: 2019-07-22 14:30:32, error message is: page over range !! 
current_time is: 2019-07-22 14:30:33, error message is: page over range !! 
current_time is: 2019-07-22 14:30:34, error message is: page over range !! 
current_time is: 2019-07-22 14:30:34, error message is: page over range !! 
current_time is: 2019-07-22 14:30:34, error message is: page over range !! 
current_time is: 2019-07-22 14:30:35, error message is: page over range !! 
current_time is: 2019-07-22 14:30:36, error message is: page over range !! 
current_time is: 2019-07-22 14:30:36, error message is: page over range !! 
current_time is: 2019-07-22 14:30:36, error message is: page over range !! 
current_time is: 2019-07-22 14:30:37, error message is: page over range !! 
current_time is: 2019-07-22 14:30:37, error message is: page over range !! 
current_time is: 2019-07-22 14:30:38, error message is: page over range !! 
===================== end time: 2019-07-22 14:30:38 ===================== 
===================== start time: 2019-07-22 14:30:38 ===================== 
current_time is: 2019-07-22 14:30:39, error message is: page over range !! 
current_time is: 2019-07-22 14:30:40, error message is: page over range !! 
current_time is: 2019-07-22 14:30:41, error message is: page over range !! 
current_time is: 2019-07-22 14:30:42, error message is: page over range !! 
current_time is: 2019-07-22 14:30:43, error message is: page over range !! 
current_time is: 2019-07-22 14:30:43, error message is: page over range !! 
current_time is: 2019-07-22 14:30:44, error message is: page over range !! 
current_time is: 2019-07-22 14:30:45, error message is: page over range !! 
current_time is: 2019-07-22 14:30:46, error message is: page over range !! 
current_time is: 2019-07-22 14:30:47, error message is: page over range !! 
current_time is: 2019-07-22 14:30:48, error message is: page over range !! 
current_time is: 2019-07-22 14:30:49, error message is: page over range !! 
current_time is: 2019-07-22 14:30:50, error message is: page over range !! 
current_time is: 2019-07-22 14:30:51, error message is: page over range !! 
current_time is: 2019-07-22 14:30:52, error message is: page over range !! 
current_time is: 2019-07-22 14:30:53, error message is: page over range !! 
current_time is: 2019-07-22 14:30:54, error message is: page over range !! 
current_time is: 2019-07-22 14:30:54, error message is: page over range !! 
current_time is: 2019-07-22 14:30:56, error message is: page over range !! 
current_time is: 2019-07-22 14:30:57, error message is: page over range !! 
current_time is: 2019-07-22 14:30:57, error message is: page over range !! 
current_time is: 2019-07-22 14:30:58, error message is: page over range !! 
current_time is: 2019-07-22 14:30:59, error message is: page over range !! 
current_time is: 2019-07-22 14:31:00, error message is: page over range !! 
current_time is: 2019-07-22 14:31:00, error message is: page over range !! 
current_time is: 2019-07-22 14:31:00, error message is: page over range !! 
current_time is: 2019-07-22 14:31:01, error message is: page over range !! 
current_time is: 2019-07-22 14:31:02, error message is: page over range !! 
current_time is: 2019-07-22 14:31:03, error message is: page over range !! 
current_time is: 2019-07-22 14:31:04, error message is: page over range !! 
current_time is: 2019-07-22 14:31:05, error message is: page over range !! 
current_time is: 2019-07-22 14:31:05, error message is: page over range !! 
current_time is: 2019-07-22 14:31:06, error message is: page over range !! 
===================== end time: 2019-07-22 14:31:06 ===================== 
===================== start time: 2019-07-22 14:31:06 ===================== 
current_time is: 2019-07-22 14:31:07, error message is: page over range !! 
current_time is: 2019-07-22 14:31:08, error message is: page over range !! 
current_time is: 2019-07-22 14:31:09, error message is: page over range !! 
current_time is: 2019-07-22 14:31:10, error message is: page over range !! 
current_time is: 2019-07-22 14:31:11, error message is: page over range !! 
current_time is: 2019-07-22 14:31:12, error message is: page over range !! 
current_time is: 2019-07-22 14:31:12, error message is: page over range !! 
current_time is: 2019-07-22 14:31:13, error message is: page over range !! 
current_time is: 2019-07-22 14:31:14, error message is: page over range !! 
current_time is: 2019-07-22 14:31:16, error message is: page over range !! 
current_time is: 2019-07-22 14:31:17, error message is: page over range !! 
current_time is: 2019-07-22 14:31:18, error message is: page over range !! 
current_time is: 2019-07-22 14:31:19, error message is: page over range !! 
current_time is: 2019-07-22 14:31:21, error message is: page over range !! 
current_time is: 2019-07-22 14:31:22, error message is: page over range !! 
current_time is: 2019-07-22 14:31:23, error message is: page over range !! 
current_time is: 2019-07-22 14:31:25, error message is: page over range !! 
current_time is: 2019-07-22 14:31:26, error message is: page over range !! 
current_time is: 2019-07-22 14:31:28, error message is: page over range !! 
current_time is: 2019-07-22 14:31:30, error message is: page over range !! 
current_time is: 2019-07-22 14:31:31, error message is: page over range !! 
current_time is: 2019-07-22 14:31:32, error message is: page over range !! 
current_time is: 2019-07-22 14:31:33, error message is: page over range !! 
current_time is: 2019-07-22 14:31:34, error message is: page over range !! 
current_time is: 2019-07-22 14:31:35, error message is: page over range !! 
current_time is: 2019-07-22 14:31:36, error message is: page over range !! 
current_time is: 2019-07-22 14:31:37, error message is: page over range !! 
current_time is: 2019-07-22 14:31:38, error message is: page over range !! 
current_time is: 2019-07-22 14:31:39, error message is: page over range !! 
current_time is: 2019-07-22 14:31:40, error message is: page over range !! 
current_time is: 2019-07-22 14:31:41, error message is: page over range !! 
current_time is: 2019-07-22 14:31:41, error message is: page over range !! 
current_time is: 2019-07-22 14:31:41, error message is: page over range !! 
===================== end time: 2019-07-22 14:31:41 ===================== 
===================== start time: 2019-07-22 14:33:01 ===================== 
current_time is: 2019-07-22 14:33:02, error message is: page over range !! 
current_time is: 2019-07-22 14:33:03, error message is: page over range !! 
current_time is: 2019-07-22 14:33:06, error message is: page over range !! 
current_time is: 2019-07-22 14:33:08, error message is: page over range !! 
current_time is: 2019-07-22 14:33:09, error message is: page over range !! 
current_time is: 2019-07-22 14:33:11, error message is: page over range !! 
current_time is: 2019-07-22 14:33:13, error message is: page over range !! 
current_time is: 2019-07-22 14:33:14, error message is: page over range !! 
current_time is: 2019-07-22 14:33:15, error message is: page over range !! 
current_time is: 2019-07-22 14:33:19, error message is: page over range !! 
current_time is: 2019-07-22 14:33:22, error message is: page over range !! 
current_time is: 2019-07-22 14:33:25, error message is: page over range !! 
current_time is: 2019-07-22 14:33:26, error message is: page over range !! 
current_time is: 2019-07-22 14:33:29, error message is: page over range !! 
current_time is: 2019-07-22 14:33:32, error message is: page over range !! 
current_time is: 2019-07-22 14:33:34, error message is: page over range !! 
current_time is: 2019-07-22 14:33:37, error message is: page over range !! 
current_time is: 2019-07-22 14:33:39, error message is: page over range !! 
current_time is: 2019-07-22 14:33:46, error message is: page over range !! 
current_time is: 2019-07-22 14:33:48, error message is: page over range !! 
current_time is: 2019-07-22 14:33:49, error message is: page over range !! 
current_time is: 2019-07-22 14:33:50, error message is: page over range !! 
current_time is: 2019-07-22 14:33:53, error message is: page over range !! 
current_time is: 2019-07-22 14:33:54, error message is: page over range !! 
current_time is: 2019-07-22 14:33:56, error message is: page over range !! 
current_time is: 2019-07-22 14:33:57, error message is: page over range !! 
current_time is: 2019-07-22 14:33:59, error message is: page over range !! 
current_time is: 2019-07-22 14:34:00, error message is: page over range !! 
current_time is: 2019-07-22 14:34:01, error message is: page over range !! 
current_time is: 2019-07-22 14:34:02, error message is: page over range !! 
current_time is: 2019-07-22 14:34:03, error message is: page over range !! 
current_time is: 2019-07-22 14:34:39, error message is: page over range !! 
current_time is: 2019-07-22 14:34:39, error message is: page over range !! 
===================== end time: 2019-07-22 14:34:39 ===================== 
===================== start time: 2019-07-22 14:34:39 ===================== 
current_time is: 2019-07-22 14:34:40, error message is: page over range !! 
current_time is: 2019-07-22 14:34:41, error message is: page over range !! 
current_time is: 2019-07-22 14:34:41, error message is: page over range !! 
current_time is: 2019-07-22 14:34:41, error message is: page over range !! 
current_time is: 2019-07-22 14:34:42, error message is: page over range !! 
current_time is: 2019-07-22 14:34:43, error message is: page over range !! 
current_time is: 2019-07-22 14:34:44, error message is: page over range !! 
current_time is: 2019-07-22 14:34:44, error message is: page over range !! 
current_time is: 2019-07-22 14:34:44, error message is: page over range !! 
current_time is: 2019-07-22 14:34:45, error message is: page over range !! 
current_time is: 2019-07-22 14:34:46, error message is: page over range !! 
current_time is: 2019-07-22 14:34:46, error message is: page over range !! 
current_time is: 2019-07-22 14:34:47, error message is: page over range !! 
current_time is: 2019-07-22 14:34:48, error message is: page over range !! 
current_time is: 2019-07-22 14:34:49, error message is: page over range !! 
current_time is: 2019-07-22 14:34:49, error message is: page over range !! 
current_time is: 2019-07-22 14:34:50, error message is: page over range !! 
current_time is: 2019-07-22 14:34:50, error message is: page over range !! 
current_time is: 2019-07-22 14:34:51, error message is: page over range !! 
current_time is: 2019-07-22 14:34:51, error message is: page over range !! 
current_time is: 2019-07-22 14:34:52, error message is: page over range !! 
current_time is: 2019-07-22 14:34:52, error message is: page over range !! 
current_time is: 2019-07-22 14:34:53, error message is: page over range !! 
current_time is: 2019-07-22 14:34:54, error message is: page over range !! 
current_time is: 2019-07-22 14:34:54, error message is: page over range !! 
current_time is: 2019-07-22 14:34:55, error message is: page over range !! 
current_time is: 2019-07-22 14:34:55, error message is: page over range !! 
current_time is: 2019-07-22 14:34:56, error message is: page over range !! 
current_time is: 2019-07-22 14:34:56, error message is: page over range !! 
current_time is: 2019-07-22 14:34:57, error message is: page over range !! 
current_time is: 2019-07-22 14:34:57, error message is: page over range !! 
current_time is: 2019-07-22 14:34:57, error message is: page over range !! 
current_time is: 2019-07-22 14:34:58, error message is: page over range !! 
===================== end time: 2019-07-22 14:34:58 ===================== 
===================== start time: 2019-07-22 14:34:58 ===================== 
current_time is: 2019-07-22 14:34:59, error message is: page over range !! 
current_time is: 2019-07-22 14:34:59, error message is: page over range !! 
current_time is: 2019-07-22 14:34:59, error message is: page over range !! 
current_time is: 2019-07-22 14:35:00, error message is: page over range !! 
current_time is: 2019-07-22 14:35:00, error message is: page over range !! 
current_time is: 2019-07-22 14:35:00, error message is: page over range !! 
current_time is: 2019-07-22 14:35:01, error message is: page over range !! 
current_time is: 2019-07-22 14:35:01, error message is: page over range !! 
current_time is: 2019-07-22 14:35:02, error message is: page over range !! 
current_time is: 2019-07-22 14:35:02, error message is: page over range !! 
current_time is: 2019-07-22 14:35:03, error message is: page over range !! 
current_time is: 2019-07-22 14:35:04, error message is: page over range !! 
current_time is: 2019-07-22 14:35:04, error message is: page over range !! 
current_time is: 2019-07-22 14:35:06, error message is: page over range !! 
current_time is: 2019-07-22 14:35:07, error message is: page over range !! 
current_time is: 2019-07-22 14:35:07, error message is: page over range !! 
current_time is: 2019-07-22 14:35:08, error message is: page over range !! 
current_time is: 2019-07-22 14:35:08, error message is: page over range !! 
current_time is: 2019-07-22 14:35:09, error message is: page over range !! 
current_time is: 2019-07-22 14:35:10, error message is: page over range !! 
current_time is: 2019-07-22 14:35:10, error message is: page over range !! 
current_time is: 2019-07-22 14:35:11, error message is: page over range !! 
current_time is: 2019-07-22 14:35:11, error message is: page over range !! 
current_time is: 2019-07-22 14:35:12, error message is: page over range !! 
current_time is: 2019-07-22 14:35:12, error message is: page over range !! 
current_time is: 2019-07-22 14:35:13, error message is: page over range !! 
current_time is: 2019-07-22 14:35:13, error message is: page over range !! 
current_time is: 2019-07-22 14:35:14, error message is: page over range !! 
current_time is: 2019-07-22 14:35:14, error message is: page over range !! 
current_time is: 2019-07-22 14:35:15, error message is: page over range !! 
current_time is: 2019-07-22 14:35:15, error message is: page over range !! 
current_time is: 2019-07-22 14:35:15, error message is: page over range !! 
current_time is: 2019-07-22 14:35:16, error message is: page over range !! 
===================== end time: 2019-07-22 14:35:16 ===================== 
===================== start time: 2019-07-22 14:35:16 ===================== 
current_time is: 2019-07-22 14:35:17, error message is: page over range !! 
current_time is: 2019-07-22 14:35:17, error message is: page over range !! 
current_time is: 2019-07-22 14:35:18, error message is: page over range !! 
current_time is: 2019-07-22 14:35:18, error message is: page over range !! 
current_time is: 2019-07-22 14:35:19, error message is: page over range !! 
current_time is: 2019-07-22 14:35:19, error message is: page over range !! 
current_time is: 2019-07-22 14:35:19, error message is: page over range !! 
current_time is: 2019-07-22 14:35:20, error message is: page over range !! 
current_time is: 2019-07-22 14:35:20, error message is: page over range !! 
current_time is: 2019-07-22 14:35:21, error message is: page over range !! 
current_time is: 2019-07-22 14:35:22, error message is: page over range !! 
current_time is: 2019-07-22 14:35:23, error message is: page over range !! 
current_time is: 2019-07-22 14:35:23, error message is: page over range !! 
current_time is: 2019-07-22 14:35:24, error message is: page over range !! 
current_time is: 2019-07-22 14:35:25, error message is: page over range !! 
current_time is: 2019-07-22 14:35:26, error message is: page over range !! 
current_time is: 2019-07-22 14:35:27, error message is: page over range !! 
current_time is: 2019-07-22 14:35:27, error message is: page over range !! 
current_time is: 2019-07-22 14:35:28, error message is: page over range !! 
current_time is: 2019-07-22 14:35:28, error message is: page over range !! 
current_time is: 2019-07-22 14:35:29, error message is: page over range !! 
current_time is: 2019-07-22 14:35:30, error message is: page over range !! 
current_time is: 2019-07-22 14:35:31, error message is: page over range !! 
current_time is: 2019-07-22 14:35:32, error message is: page over range !! 
current_time is: 2019-07-22 14:35:32, error message is: page over range !! 
current_time is: 2019-07-22 14:35:33, error message is: page over range !! 
current_time is: 2019-07-22 14:35:33, error message is: page over range !! 
current_time is: 2019-07-22 14:35:34, error message is: page over range !! 
current_time is: 2019-07-22 14:35:34, error message is: page over range !! 
current_time is: 2019-07-22 14:35:35, error message is: page over range !! 
current_time is: 2019-07-22 14:35:35, error message is: page over range !! 
current_time is: 2019-07-22 14:35:35, error message is: page over range !! 
current_time is: 2019-07-22 14:35:36, error message is: page over range !! 
===================== end time: 2019-07-22 14:35:36 ===================== 
===================== start time: 2019-07-22 14:35:36 ===================== 
current_time is: 2019-07-22 14:35:37, error message is: page over range !! 
current_time is: 2019-07-22 14:35:38, error message is: page over range !! 
current_time is: 2019-07-22 14:35:39, error message is: page over range !! 
current_time is: 2019-07-22 14:35:40, error message is: page over range !! 
current_time is: 2019-07-22 14:35:40, error message is: page over range !! 
current_time is: 2019-07-22 14:35:41, error message is: page over range !! 
current_time is: 2019-07-22 14:35:42, error message is: page over range !! 
current_time is: 2019-07-22 14:35:43, error message is: page over range !! 
current_time is: 2019-07-22 14:35:44, error message is: page over range !! 
current_time is: 2019-07-22 14:35:45, error message is: page over range !! 
current_time is: 2019-07-22 14:35:46, error message is: page over range !! 
current_time is: 2019-07-22 14:35:47, error message is: page over range !! 
current_time is: 2019-07-22 14:35:48, error message is: page over range !! 
current_time is: 2019-07-22 14:35:49, error message is: page over range !! 
current_time is: 2019-07-22 14:35:50, error message is: page over range !! 
current_time is: 2019-07-22 14:35:51, error message is: page over range !! 
current_time is: 2019-07-22 14:35:52, error message is: page over range !! 
current_time is: 2019-07-22 14:35:52, error message is: page over range !! 
current_time is: 2019-07-22 14:35:54, error message is: page over range !! 
current_time is: 2019-07-22 14:35:55, error message is: page over range !! 
current_time is: 2019-07-22 14:35:55, error message is: page over range !! 
current_time is: 2019-07-22 14:35:56, error message is: page over range !! 
current_time is: 2019-07-22 14:35:57, error message is: page over range !! 
current_time is: 2019-07-22 14:35:58, error message is: page over range !! 
current_time is: 2019-07-22 14:35:59, error message is: page over range !! 
current_time is: 2019-07-22 14:35:59, error message is: page over range !! 
current_time is: 2019-07-22 14:36:00, error message is: page over range !! 
current_time is: 2019-07-22 14:36:01, error message is: page over range !! 
current_time is: 2019-07-22 14:36:02, error message is: page over range !! 
current_time is: 2019-07-22 14:36:03, error message is: page over range !! 
current_time is: 2019-07-22 14:36:19, error message is: page over range !! 
current_time is: 2019-07-22 14:36:19, error message is: page over range !! 
current_time is: 2019-07-22 14:36:19, error message is: page over range !! 
===================== end time: 2019-07-22 14:36:19 ===================== 
===================== start time: 2019-07-22 14:36:19 ===================== 
current_time is: 2019-07-22 14:36:20, error message is: page over range !! 
current_time is: 2019-07-22 14:36:21, error message is: page over range !! 
current_time is: 2019-07-22 14:36:23, error message is: page over range !! 
current_time is: 2019-07-22 14:36:23, error message is: page over range !! 
current_time is: 2019-07-22 14:36:24, error message is: page over range !! 
current_time is: 2019-07-22 14:36:25, error message is: page over range !! 
current_time is: 2019-07-22 14:36:26, error message is: page over range !! 
current_time is: 2019-07-22 14:36:27, error message is: page over range !! 
current_time is: 2019-07-22 14:36:28, error message is: page over range !! 
current_time is: 2019-07-22 14:36:29, error message is: page over range !! 
current_time is: 2019-07-22 14:36:31, error message is: page over range !! 
current_time is: 2019-07-22 14:36:32, error message is: page over range !! 
current_time is: 2019-07-22 14:36:33, error message is: page over range !! 
current_time is: 2019-07-22 14:36:34, error message is: page over range !! 
current_time is: 2019-07-22 14:36:36, error message is: page over range !! 
current_time is: 2019-07-22 14:36:37, error message is: page over range !! 
current_time is: 2019-07-22 14:36:38, error message is: page over range !! 
current_time is: 2019-07-22 14:36:39, error message is: page over range !! 
current_time is: 2019-07-22 14:36:42, error message is: page over range !! 
current_time is: 2019-07-22 14:36:43, error message is: page over range !! 
current_time is: 2019-07-22 14:36:44, error message is: page over range !! 
current_time is: 2019-07-22 14:36:44, error message is: page over range !! 
current_time is: 2019-07-22 14:36:46, error message is: page over range !! 
current_time is: 2019-07-22 14:36:47, error message is: page over range !! 
current_time is: 2019-07-22 14:36:48, error message is: page over range !! 
current_time is: 2019-07-22 14:36:49, error message is: page over range !! 
current_time is: 2019-07-22 14:36:50, error message is: page over range !! 
current_time is: 2019-07-22 14:36:51, error message is: page over range !! 
current_time is: 2019-07-22 14:36:52, error message is: page over range !! 
current_time is: 2019-07-22 14:36:53, error message is: page over range !! 
current_time is: 2019-07-22 14:36:54, error message is: page over range !! 
current_time is: 2019-07-22 14:36:54, error message is: page over range !! 
current_time is: 2019-07-22 14:36:54, error message is: page over range !! 
===================== end time: 2019-07-22 14:36:54 ===================== 
===================== start time: 2019-07-22 16:39:47 ===================== 
current_time is: 2019-07-22 16:40:41, error message is: page over range !! 
current_time is: 2019-07-22 16:40:42, error message is: page over range !! 
current_time is: 2019-07-22 16:40:43, error message is: page over range !! 
current_time is: 2019-07-22 16:40:44, error message is: page over range !! 
current_time is: 2019-07-22 16:40:44, error message is: page over range !! 
current_time is: 2019-07-22 16:40:45, error message is: page over range !! 
current_time is: 2019-07-22 16:40:46, error message is: page over range !! 
current_time is: 2019-07-22 16:40:47, error message is: page over range !! 
current_time is: 2019-07-22 16:40:48, error message is: page over range !! 
===================== end time: 2019-07-22 16:40:49 ===================== 
===================== start time: 2019-07-22 16:40:59 ===================== 
current_time is: 2019-07-22 16:41:00, error message is: page over range !! 
current_time is: 2019-07-22 16:41:01, error message is: page over range !! 
current_time is: 2019-07-22 16:41:01, error message is: page over range !! 
current_time is: 2019-07-22 16:41:02, error message is: page over range !! 
current_time is: 2019-07-22 16:41:03, error message is: page over range !! 
current_time is: 2019-07-22 16:41:04, error message is: page over range !! 
current_time is: 2019-07-22 16:41:05, error message is: page over range !! 
current_time is: 2019-07-22 16:41:06, error message is: page over range !! 
current_time is: 2019-07-22 16:41:07, error message is: page over range !! 
current_time is: 2019-07-22 16:41:08, error message is: page over range !! 
current_time is: 2019-07-22 16:41:09, error message is: page over range !! 
current_time is: 2019-07-22 16:41:10, error message is: page over range !! 
current_time is: 2019-07-22 16:41:12, error message is: page over range !! 
current_time is: 2019-07-22 16:41:13, error message is: page over range !! 
current_time is: 2019-07-22 16:41:14, error message is: page over range !! 
current_time is: 2019-07-22 16:41:16, error message is: page over range !! 
current_time is: 2019-07-22 16:41:17, error message is: page over range !! 
current_time is: 2019-07-22 16:41:20, error message is: page over range !! 
current_time is: 2019-07-22 16:41:24, error message is: page over range !! 
current_time is: 2019-07-22 16:41:25, error message is: page over range !! 
current_time is: 2019-07-22 16:41:26, error message is: page over range !! 
current_time is: 2019-07-22 16:41:27, error message is: page over range !! 
current_time is: 2019-07-22 16:41:30, error message is: page over range !! 
current_time is: 2019-07-22 16:41:31, error message is: page over range !! 
current_time is: 2019-07-22 16:41:32, error message is: page over range !! 
current_time is: 2019-07-22 16:41:32, error message is: page over range !! 
current_time is: 2019-07-22 16:41:33, error message is: page over range !! 
current_time is: 2019-07-22 16:41:34, error message is: page over range !! 
current_time is: 2019-07-22 16:41:35, error message is: page over range !! 
current_time is: 2019-07-22 16:41:36, error message is: page over range !! 
current_time is: 2019-07-22 16:41:40, error message is: page over range !! 
current_time is: 2019-07-22 16:41:40, error message is: page over range !! 
current_time is: 2019-07-22 16:41:41, error message is: page over range !! 
===================== end time: 2019-07-22 16:41:41 ===================== 
===================== start time: 2019-07-22 16:46:40 ===================== 
current_time is: 2019-07-22 16:46:41, error message is: page over range !! 
current_time is: 2019-07-22 16:46:42, error message is: page over range !! 
current_time is: 2019-07-22 16:46:43, error message is: page over range !! 
current_time is: 2019-07-22 16:46:44, error message is: page over range !! 
current_time is: 2019-07-22 16:46:45, error message is: page over range !! 
===================== end time: 2019-07-22 16:46:45 ===================== 
===================== start time: 2019-07-22 16:48:40 ===================== 
current_time is: 2019-07-22 16:48:41, error message is: page over range !! 
current_time is: 2019-07-22 16:48:41, error message is: page over range !! 
current_time is: 2019-07-22 16:48:43, error message is: page over range !! 
current_time is: 2019-07-22 16:48:44, error message is: page over range !! 
current_time is: 2019-07-22 16:48:45, error message is: page over range !! 
current_time is: 2019-07-22 16:48:46, error message is: page over range !! 
current_time is: 2019-07-22 16:48:47, error message is: page over range !! 
current_time is: 2019-07-22 16:48:48, error message is: page over range !! 
current_time is: 2019-07-22 16:48:48, error message is: page over range !! 
current_time is: 2019-07-22 16:48:49, error message is: page over range !! 
current_time is: 2019-07-22 16:48:51, error message is: page over range !! 
current_time is: 2019-07-22 16:48:52, error message is: page over range !! 
current_time is: 2019-07-22 16:48:53, error message is: page over range !! 
current_time is: 2019-07-22 16:48:54, error message is: page over range !! 
current_time is: 2019-07-22 16:48:55, error message is: page over range !! 
current_time is: 2019-07-22 16:48:56, error message is: page over range !! 
current_time is: 2019-07-22 16:48:57, error message is: page over range !! 
current_time is: 2019-07-22 16:48:58, error message is: page over range !! 
current_time is: 2019-07-22 16:49:00, error message is: page over range !! 
current_time is: 2019-07-22 16:49:02, error message is: page over range !! 
current_time is: 2019-07-22 16:49:03, error message is: page over range !! 
current_time is: 2019-07-22 16:49:04, error message is: page over range !! 
current_time is: 2019-07-22 16:49:08, error message is: page over range !! 
current_time is: 2019-07-22 16:49:09, error message is: page over range !! 
current_time is: 2019-07-22 16:49:10, error message is: page over range !! 
current_time is: 2019-07-22 16:49:10, error message is: page over range !! 
current_time is: 2019-07-22 16:49:11, error message is: page over range !! 
current_time is: 2019-07-22 16:49:12, error message is: page over range !! 
current_time is: 2019-07-22 16:49:13, error message is: page over range !! 
current_time is: 2019-07-22 16:49:14, error message is: page over range !! 
current_time is: 2019-07-22 16:49:15, error message is: page over range !! 
current_time is: 2019-07-22 16:49:15, error message is: page over range !! 
current_time is: 2019-07-22 16:49:15, error message is: page over range !! 
===================== end time: 2019-07-22 16:49:15 ===================== 
===================== start time: 2019-07-22 16:55:12 ===================== 
===================== end time: 2019-07-22 16:55:22 ===================== 
===================== start time: 2019-07-22 16:55:23 ===================== 
current_time is: 2019-07-22 16:55:24, error message is: page over range !! 
===================== end time: 2019-07-22 16:55:24 ===================== 
===================== start time: 2019-07-22 17:04:14 ===================== 
current_time is: 2019-07-22 17:04:23, error message is: page over range !! 
current_time is: 2019-07-22 17:04:24, error message is: page over range !! 
current_time is: 2019-07-22 17:04:25, error message is: page over range !! 
current_time is: 2019-07-22 17:04:25, error message is: page over range !! 
current_time is: 2019-07-22 17:04:26, error message is: page over range !! 
===================== end time: 2019-07-22 17:04:27 ===================== 
===================== start time: 2019-07-22 17:09:17 ===================== 
current_time is: 2019-07-22 17:09:18, error message is: page over range !! 
current_time is: 2019-07-22 17:09:19, error message is: page over range !! 
===================== end time: 2019-07-22 17:09:20 ===================== 
===================== start time: 2019-07-22 17:17:19 ===================== 
===================== end time: 2019-07-22 17:17:20 ===================== 
===================== start time: 2019-07-22 17:17:53 ===================== 
===================== end time: 2019-07-22 17:17:55 ===================== 
===================== start time: 2019-07-22 17:18:07 ===================== 
===================== end time: 2019-07-22 17:18:08 ===================== 
===================== start time: 2019-07-22 17:18:27 ===================== 
===================== end time: 2019-07-22 17:18:28 ===================== 
===================== start time: 2019-07-22 17:18:45 ===================== 
===================== end time: 2019-07-22 17:18:46 ===================== 
===================== start time: 2019-07-22 17:18:57 ===================== 
===================== end time: 2019-07-22 17:18:58 ===================== 
===================== start time: 2019-07-22 17:20:20 ===================== 
===================== end time: 2019-07-22 17:20:21 ===================== 
===================== start time: 2019-07-22 17:20:42 ===================== 
current_time is: 2019-07-22 17:20:44, error message is: page over range !! 
===================== end time: 2019-07-22 17:20:44 ===================== 
===================== start time: 2019-07-22 17:20:52 ===================== 
===================== end time: 2019-07-22 17:20:53 ===================== 
===================== start time: 2019-07-22 17:21:01 ===================== 
===================== end time: 2019-07-22 17:21:02 ===================== 
===================== start time: 2019-07-22 17:22:35 ===================== 
error message is: empty separator 
===================== end time: 2019-07-22 17:22:35 ===================== 
===================== start time: 2019-07-22 17:22:49 ===================== 
===================== end time: 2019-07-22 17:22:50 ===================== 
===================== start time: 2019-07-22 17:23:57 ===================== 
===================== end time: 2019-07-22 17:23:58 ===================== 
===================== start time: 2019-07-22 17:24:23 ===================== 
===================== end time: 2019-07-22 17:24:24 ===================== 
===================== start time: 2019-07-22 17:25:44 ===================== 
current_time is: 2019-07-22 17:25:45, error message is: page over range !! 
current_time is: 2019-07-22 17:25:46, error message is: page over range !! 
current_time is: 2019-07-22 17:25:47, error message is: page over range !! 
current_time is: 2019-07-22 17:25:48, error message is: page over range !! 
current_time is: 2019-07-22 17:25:49, error message is: page over range !! 
current_time is: 2019-07-22 17:25:49, error message is: page over range !! 
current_time is: 2019-07-22 17:25:50, error message is: page over range !! 
current_time is: 2019-07-22 17:25:51, error message is: page over range !! 
current_time is: 2019-07-22 17:25:52, error message is: page over range !! 
current_time is: 2019-07-22 17:25:53, error message is: page over range !! 
current_time is: 2019-07-22 17:25:54, error message is: page over range !! 
current_time is: 2019-07-22 17:25:56, error message is: page over range !! 
current_time is: 2019-07-22 17:25:57, error message is: page over range !! 
current_time is: 2019-07-22 17:25:59, error message is: page over range !! 
current_time is: 2019-07-22 17:26:00, error message is: page over range !! 
current_time is: 2019-07-22 17:26:01, error message is: page over range !! 
current_time is: 2019-07-22 17:26:02, error message is: page over range !! 
current_time is: 2019-07-22 17:26:03, error message is: page over range !! 
current_time is: 2019-07-22 17:26:05, error message is: page over range !! 
current_time is: 2019-07-22 17:26:06, error message is: page over range !! 
current_time is: 2019-07-22 17:26:07, error message is: page over range !! 
current_time is: 2019-07-22 17:26:08, error message is: page over range !! 
current_time is: 2019-07-22 17:26:11, error message is: page over range !! 
current_time is: 2019-07-22 17:26:12, error message is: page over range !! 
current_time is: 2019-07-22 17:26:13, error message is: page over range !! 
current_time is: 2019-07-22 17:26:14, error message is: page over range !! 
current_time is: 2019-07-22 17:26:15, error message is: page over range !! 
current_time is: 2019-07-22 17:26:16, error message is: page over range !! 
current_time is: 2019-07-22 17:26:17, error message is: page over range !! 
current_time is: 2019-07-22 17:26:18, error message is: page over range !! 
current_time is: 2019-07-22 17:26:19, error message is: page over range !! 
current_time is: 2019-07-22 17:26:19, error message is: page over range !! 
current_time is: 2019-07-22 17:26:19, error message is: page over range !! 
===================== end time: 2019-07-22 17:26:19 ===================== 
===================== start time: 2019-07-22 17:27:21 ===================== 
current_time is: 2019-07-22 17:27:24, error message is: page over range !! 
current_time is: 2019-07-22 17:27:25, error message is: page over range !! 
current_time is: 2019-07-22 17:27:31, error message is: page over range !! 
current_time is: 2019-07-22 17:27:33, error message is: page over range !! 
current_time is: 2019-07-22 17:27:36, error message is: page over range !! 
current_time is: 2019-07-22 17:27:39, error message is: page over range !! 
current_time is: 2019-07-22 17:27:42, error message is: page over range !! 
current_time is: 2019-07-22 17:27:44, error message is: page over range !! 
current_time is: 2019-07-22 17:27:46, error message is: page over range !! 
current_time is: 2019-07-22 17:27:51, error message is: page over range !! 
current_time is: 2019-07-22 17:27:56, error message is: page over range !! 
current_time is: 2019-07-22 17:28:01, error message is: page over range !! 
current_time is: 2019-07-22 17:28:04, error message is: page over range !! 
current_time is: 2019-07-22 17:28:09, error message is: page over range !! 
current_time is: 2019-07-22 17:28:14, error message is: page over range !! 
current_time is: 2019-07-22 17:28:19, error message is: page over range !! 
current_time is: 2019-07-22 17:28:24, error message is: page over range !! 
current_time is: 2019-07-22 17:28:28, error message is: page over range !! 
current_time is: 2019-07-22 17:28:39, error message is: page over range !! 
current_time is: 2019-07-22 17:28:42, error message is: page over range !! 
current_time is: 2019-07-22 17:28:43, error message is: page over range !! 
current_time is: 2019-07-22 17:28:47, error message is: page over range !! 
current_time is: 2019-07-22 17:28:52, error message is: page over range !! 
current_time is: 2019-07-22 17:28:53, error message is: page over range !! 
current_time is: 2019-07-22 17:28:57, error message is: page over range !! 
current_time is: 2019-07-22 17:28:58, error message is: page over range !! 
current_time is: 2019-07-22 17:29:00, error message is: page over range !! 
current_time is: 2019-07-22 17:29:02, error message is: page over range !! 
current_time is: 2019-07-22 17:29:03, error message is: page over range !! 
current_time is: 2019-07-22 17:29:04, error message is: page over range !! 
current_time is: 2019-07-22 17:29:05, error message is: page over range !! 
current_time is: 2019-07-22 17:29:06, error message is: page over range !! 
current_time is: 2019-07-22 17:29:06, error message is: page over range !! 
===================== end time: 2019-07-22 17:29:06 ===================== 
===================== start time: 2019-07-22 17:29:06 ===================== 
current_time is: 2019-07-22 17:29:07, error message is: page over range !! 
current_time is: 2019-07-22 17:29:08, error message is: page over range !! 
current_time is: 2019-07-22 17:29:08, error message is: page over range !! 
current_time is: 2019-07-22 17:29:09, error message is: page over range !! 
current_time is: 2019-07-22 17:29:10, error message is: page over range !! 
current_time is: 2019-07-22 17:29:10, error message is: page over range !! 
current_time is: 2019-07-22 17:29:11, error message is: page over range !! 
current_time is: 2019-07-22 17:29:12, error message is: page over range !! 
current_time is: 2019-07-22 17:29:12, error message is: page over range !! 
current_time is: 2019-07-22 17:29:13, error message is: page over range !! 
current_time is: 2019-07-22 17:29:14, error message is: page over range !! 
current_time is: 2019-07-22 17:29:14, error message is: page over range !! 
current_time is: 2019-07-22 17:29:15, error message is: page over range !! 
current_time is: 2019-07-22 17:29:15, error message is: page over range !! 
current_time is: 2019-07-22 17:29:16, error message is: page over range !! 
current_time is: 2019-07-22 17:29:17, error message is: page over range !! 
current_time is: 2019-07-22 17:29:18, error message is: page over range !! 
current_time is: 2019-07-22 17:29:18, error message is: page over range !! 
current_time is: 2019-07-22 17:29:19, error message is: page over range !! 
current_time is: 2019-07-22 17:29:20, error message is: page over range !! 
current_time is: 2019-07-22 17:29:21, error message is: page over range !! 
current_time is: 2019-07-22 17:29:22, error message is: page over range !! 
current_time is: 2019-07-22 17:29:22, error message is: page over range !! 
current_time is: 2019-07-22 17:29:23, error message is: page over range !! 
current_time is: 2019-07-22 17:29:24, error message is: page over range !! 
current_time is: 2019-07-22 17:29:25, error message is: page over range !! 
current_time is: 2019-07-22 17:29:26, error message is: page over range !! 
current_time is: 2019-07-22 17:29:27, error message is: page over range !! 
current_time is: 2019-07-22 17:29:27, error message is: page over range !! 
current_time is: 2019-07-22 17:29:28, error message is: page over range !! 
current_time is: 2019-07-22 17:29:28, error message is: page over range !! 
current_time is: 2019-07-22 17:29:28, error message is: page over range !! 
current_time is: 2019-07-22 17:29:29, error message is: page over range !! 
===================== end time: 2019-07-22 17:29:29 ===================== 
===================== start time: 2019-07-22 17:29:29 ===================== 
current_time is: 2019-07-22 17:29:29, error message is: page over range !! 
current_time is: 2019-07-22 17:29:30, error message is: page over range !! 
current_time is: 2019-07-22 17:29:30, error message is: page over range !! 
current_time is: 2019-07-22 17:29:30, error message is: page over range !! 
current_time is: 2019-07-22 17:29:31, error message is: page over range !! 
current_time is: 2019-07-22 17:29:31, error message is: page over range !! 
current_time is: 2019-07-22 17:29:32, error message is: page over range !! 
current_time is: 2019-07-22 17:29:32, error message is: page over range !! 
current_time is: 2019-07-22 17:29:32, error message is: page over range !! 
current_time is: 2019-07-22 17:29:33, error message is: page over range !! 
current_time is: 2019-07-22 17:29:33, error message is: page over range !! 
current_time is: 2019-07-22 17:29:34, error message is: page over range !! 
current_time is: 2019-07-22 17:29:34, error message is: page over range !! 
current_time is: 2019-07-22 17:29:35, error message is: page over range !! 
current_time is: 2019-07-22 17:29:35, error message is: page over range !! 
current_time is: 2019-07-22 17:29:36, error message is: page over range !! 
current_time is: 2019-07-22 17:29:36, error message is: page over range !! 
current_time is: 2019-07-22 17:29:37, error message is: page over range !! 
current_time is: 2019-07-22 17:29:38, error message is: page over range !! 
current_time is: 2019-07-22 17:29:38, error message is: page over range !! 
current_time is: 2019-07-22 17:29:38, error message is: page over range !! 
current_time is: 2019-07-22 17:29:39, error message is: page over range !! 
current_time is: 2019-07-22 17:29:39, error message is: page over range !! 
current_time is: 2019-07-22 17:29:40, error message is: page over range !! 
current_time is: 2019-07-22 17:29:41, error message is: page over range !! 
current_time is: 2019-07-22 17:29:42, error message is: page over range !! 
current_time is: 2019-07-22 17:29:42, error message is: page over range !! 
current_time is: 2019-07-22 17:29:42, error message is: page over range !! 
current_time is: 2019-07-22 17:29:43, error message is: page over range !! 
current_time is: 2019-07-22 17:29:43, error message is: page over range !! 
current_time is: 2019-07-22 17:29:44, error message is: page over range !! 
current_time is: 2019-07-22 17:29:45, error message is: page over range !! 
current_time is: 2019-07-22 17:29:45, error message is: page over range !! 
===================== end time: 2019-07-22 17:29:45 ===================== 
===================== start time: 2019-07-22 17:29:45 ===================== 
current_time is: 2019-07-22 17:29:46, error message is: page over range !! 
current_time is: 2019-07-22 17:29:46, error message is: page over range !! 
current_time is: 2019-07-22 17:29:47, error message is: page over range !! 
current_time is: 2019-07-22 17:29:47, error message is: page over range !! 
current_time is: 2019-07-22 17:29:47, error message is: page over range !! 
current_time is: 2019-07-22 17:29:48, error message is: page over range !! 
current_time is: 2019-07-22 17:29:48, error message is: page over range !! 
current_time is: 2019-07-22 17:29:49, error message is: page over range !! 
current_time is: 2019-07-22 17:29:49, error message is: page over range !! 
current_time is: 2019-07-22 17:29:50, error message is: page over range !! 
current_time is: 2019-07-22 17:29:51, error message is: page over range !! 
current_time is: 2019-07-22 17:29:52, error message is: page over range !! 
current_time is: 2019-07-22 17:29:52, error message is: page over range !! 
current_time is: 2019-07-22 17:29:53, error message is: page over range !! 
current_time is: 2019-07-22 17:29:54, error message is: page over range !! 
current_time is: 2019-07-22 17:29:55, error message is: page over range !! 
current_time is: 2019-07-22 17:29:55, error message is: page over range !! 
current_time is: 2019-07-22 17:29:55, error message is: page over range !! 
current_time is: 2019-07-22 17:29:56, error message is: page over range !! 
current_time is: 2019-07-22 17:29:57, error message is: page over range !! 
current_time is: 2019-07-22 17:29:57, error message is: page over range !! 
current_time is: 2019-07-22 17:29:58, error message is: page over range !! 
current_time is: 2019-07-22 17:29:59, error message is: page over range !! 
current_time is: 2019-07-22 17:29:59, error message is: page over range !! 
current_time is: 2019-07-22 17:30:00, error message is: page over range !! 
current_time is: 2019-07-22 17:30:00, error message is: page over range !! 
current_time is: 2019-07-22 17:30:01, error message is: page over range !! 
current_time is: 2019-07-22 17:30:01, error message is: page over range !! 
current_time is: 2019-07-22 17:30:02, error message is: page over range !! 
current_time is: 2019-07-22 17:30:02, error message is: page over range !! 
current_time is: 2019-07-22 17:30:03, error message is: page over range !! 
current_time is: 2019-07-22 17:30:03, error message is: page over range !! 
current_time is: 2019-07-22 17:30:03, error message is: page over range !! 
===================== end time: 2019-07-22 17:30:03 ===================== 
===================== start time: 2019-07-22 17:30:03 ===================== 
current_time is: 2019-07-22 17:30:05, error message is: page over range !! 
current_time is: 2019-07-22 17:30:05, error message is: page over range !! 
current_time is: 2019-07-22 17:30:08, error message is: page over range !! 
current_time is: 2019-07-22 17:30:08, error message is: page over range !! 
current_time is: 2019-07-22 17:30:09, error message is: page over range !! 
current_time is: 2019-07-22 17:30:09, error message is: page over range !! 
current_time is: 2019-07-22 17:30:09, error message is: page over range !! 
current_time is: 2019-07-22 17:30:10, error message is: page over range !! 
current_time is: 2019-07-22 17:30:11, error message is: page over range !! 
current_time is: 2019-07-22 17:30:12, error message is: page over range !! 
current_time is: 2019-07-22 17:30:13, error message is: page over range !! 
current_time is: 2019-07-22 17:30:13, error message is: page over range !! 
current_time is: 2019-07-22 17:30:14, error message is: page over range !! 
current_time is: 2019-07-22 17:30:15, error message is: page over range !! 
current_time is: 2019-07-22 17:30:16, error message is: page over range !! 
current_time is: 2019-07-22 17:30:17, error message is: page over range !! 
current_time is: 2019-07-22 17:30:18, error message is: page over range !! 
current_time is: 2019-07-22 17:30:18, error message is: page over range !! 
current_time is: 2019-07-22 17:30:19, error message is: page over range !! 
current_time is: 2019-07-22 17:30:20, error message is: page over range !! 
current_time is: 2019-07-22 17:30:21, error message is: page over range !! 
current_time is: 2019-07-22 17:30:22, error message is: page over range !! 
current_time is: 2019-07-22 17:30:23, error message is: page over range !! 
current_time is: 2019-07-22 17:30:24, error message is: page over range !! 
current_time is: 2019-07-22 17:30:25, error message is: page over range !! 
current_time is: 2019-07-22 17:30:25, error message is: page over range !! 
current_time is: 2019-07-22 17:30:26, error message is: page over range !! 
current_time is: 2019-07-22 17:30:27, error message is: page over range !! 
current_time is: 2019-07-22 17:30:28, error message is: page over range !! 
current_time is: 2019-07-22 17:30:28, error message is: page over range !! 
current_time is: 2019-07-22 17:30:29, error message is: page over range !! 
current_time is: 2019-07-22 17:30:29, error message is: page over range !! 
current_time is: 2019-07-22 17:30:29, error message is: page over range !! 
===================== end time: 2019-07-22 17:30:29 ===================== 
===================== start time: 2019-07-22 17:30:29 ===================== 
current_time is: 2019-07-22 17:30:30, error message is: page over range !! 
current_time is: 2019-07-22 17:30:31, error message is: page over range !! 
current_time is: 2019-07-22 17:30:33, error message is: page over range !! 
current_time is: 2019-07-22 17:30:34, error message is: page over range !! 
current_time is: 2019-07-22 17:30:34, error message is: page over range !! 
current_time is: 2019-07-22 17:30:36, error message is: page over range !! 
current_time is: 2019-07-22 17:30:37, error message is: page over range !! 
current_time is: 2019-07-22 17:30:38, error message is: page over range !! 
current_time is: 2019-07-22 17:30:39, error message is: page over range !! 
current_time is: 2019-07-22 17:30:41, error message is: page over range !! 
current_time is: 2019-07-22 17:30:42, error message is: page over range !! 
current_time is: 2019-07-22 17:30:43, error message is: page over range !! 
current_time is: 2019-07-22 17:30:44, error message is: page over range !! 
current_time is: 2019-07-22 17:30:45, error message is: page over range !! 
current_time is: 2019-07-22 17:30:46, error message is: page over range !! 
current_time is: 2019-07-22 17:30:47, error message is: page over range !! 
current_time is: 2019-07-22 17:30:49, error message is: page over range !! 
current_time is: 2019-07-22 17:30:50, error message is: page over range !! 
current_time is: 2019-07-22 17:30:51, error message is: page over range !! 
current_time is: 2019-07-22 17:30:53, error message is: page over range !! 
current_time is: 2019-07-22 17:30:53, error message is: page over range !! 
current_time is: 2019-07-22 17:30:54, error message is: page over range !! 
current_time is: 2019-07-22 17:30:55, error message is: page over range !! 
current_time is: 2019-07-22 17:30:57, error message is: page over range !! 
current_time is: 2019-07-22 17:30:58, error message is: page over range !! 
current_time is: 2019-07-22 17:30:58, error message is: page over range !! 
current_time is: 2019-07-22 17:30:59, error message is: page over range !! 
current_time is: 2019-07-22 17:31:00, error message is: page over range !! 
current_time is: 2019-07-22 17:31:01, error message is: page over range !! 
current_time is: 2019-07-22 17:31:02, error message is: page over range !! 
current_time is: 2019-07-22 17:31:03, error message is: page over range !! 
current_time is: 2019-07-22 17:31:03, error message is: page over range !! 
current_time is: 2019-07-22 17:31:04, error message is: page over range !! 
===================== end time: 2019-07-22 17:31:04 ===================== 
===================== start time: 2019-07-22 17:31:04 ===================== 
current_time is: 2019-07-22 17:31:05, error message is: page over range !! 
current_time is: 2019-07-22 17:31:06, error message is: page over range !! 
current_time is: 2019-07-22 17:31:07, error message is: page over range !! 
current_time is: 2019-07-22 17:31:08, error message is: page over range !! 
current_time is: 2019-07-22 17:31:10, error message is: page over range !! 
current_time is: 2019-07-22 17:31:11, error message is: page over range !! 
current_time is: 2019-07-22 17:31:12, error message is: page over range !! 
current_time is: 2019-07-22 17:31:13, error message is: page over range !! 
current_time is: 2019-07-22 17:31:14, error message is: page over range !! 
current_time is: 2019-07-22 17:31:16, error message is: page over range !! 
current_time is: 2019-07-22 17:31:18, error message is: page over range !! 
current_time is: 2019-07-22 17:31:20, error message is: page over range !! 
current_time is: 2019-07-22 17:31:21, error message is: page over range !! 
current_time is: 2019-07-22 17:31:23, error message is: page over range !! 
current_time is: 2019-07-22 17:31:25, error message is: page over range !! 
current_time is: 2019-07-22 17:31:27, error message is: page over range !! 
current_time is: 2019-07-22 17:31:29, error message is: page over range !! 
current_time is: 2019-07-22 17:31:31, error message is: page over range !! 
current_time is: 2019-07-22 17:31:35, error message is: page over range !! 
current_time is: 2019-07-22 17:31:36, error message is: page over range !! 
current_time is: 2019-07-22 17:31:37, error message is: page over range !! 
current_time is: 2019-07-22 17:31:38, error message is: page over range !! 
current_time is: 2019-07-22 17:31:41, error message is: page over range !! 
current_time is: 2019-07-22 17:31:42, error message is: page over range !! 
current_time is: 2019-07-22 17:31:43, error message is: page over range !! 
current_time is: 2019-07-22 17:31:44, error message is: page over range !! 
current_time is: 2019-07-22 17:31:45, error message is: page over range !! 
current_time is: 2019-07-22 17:31:46, error message is: page over range !! 
current_time is: 2019-07-22 17:31:47, error message is: page over range !! 
current_time is: 2019-07-22 17:31:48, error message is: page over range !! 
current_time is: 2019-07-22 17:31:49, error message is: page over range !! 
current_time is: 2019-07-22 17:31:49, error message is: page over range !! 
current_time is: 2019-07-22 17:31:50, error message is: page over range !! 
===================== end time: 2019-07-22 17:31:50 ===================== 
===================== start time: 2019-07-22 17:43:48 ===================== 
===================== start time: 2019-07-22 17:43:53 ===================== 
current_time is: 2019-07-22 17:45:09, error message is: page over range !! 
current_time is: 2019-07-22 17:45:11, error message is: page over range !! 
current_time is: 2019-07-22 17:45:16, error message is: page over range !! 
===================== end time: 2019-07-22 17:45:16 ===================== 
===================== start time: 2019-07-22 17:48:52 ===================== 
current_time is: 2019-07-22 17:48:57, error message is: page over range !! 
current_time is: 2019-07-22 17:48:58, error message is: page over range !! 
current_time is: 2019-07-22 17:49:03, error message is: page over range !! 
current_time is: 2019-07-22 17:49:05, error message is: page over range !! 
current_time is: 2019-07-22 17:49:07, error message is: page over range !! 
current_time is: 2019-07-22 17:49:11, error message is: page over range !! 
current_time is: 2019-07-22 17:49:14, error message is: page over range !! 
current_time is: 2019-07-22 17:49:16, error message is: page over range !! 
current_time is: 2019-07-22 17:49:18, error message is: page over range !! 
current_time is: 2019-07-22 17:49:23, error message is: page over range !! 
current_time is: 2019-07-22 17:49:29, error message is: page over range !! 
current_time is: 2019-07-22 17:49:34, error message is: page over range !! 
current_time is: 2019-07-22 17:49:36, error message is: page over range !! 
current_time is: 2019-07-22 17:49:42, error message is: page over range !! 
current_time is: 2019-07-22 17:49:47, error message is: page over range !! 
current_time is: 2019-07-22 17:49:52, error message is: page over range !! 
current_time is: 2019-07-22 17:49:57, error message is: page over range !! 
current_time is: 2019-07-22 17:50:01, error message is: page over range !! 
current_time is: 2019-07-22 17:50:15, error message is: page over range !! 
current_time is: 2019-07-22 17:50:19, error message is: page over range !! 
current_time is: 2019-07-22 17:50:21, error message is: page over range !! 
current_time is: 2019-07-22 17:50:24, error message is: page over range !! 
current_time is: 2019-07-22 17:50:33, error message is: page over range !! 
current_time is: 2019-07-22 17:50:34, error message is: page over range !! 
current_time is: 2019-07-22 17:50:38, error message is: page over range !! 
current_time is: 2019-07-22 17:50:39, error message is: page over range !! 
current_time is: 2019-07-22 17:50:41, error message is: page over range !! 
current_time is: 2019-07-22 17:50:43, error message is: page over range !! 
current_time is: 2019-07-22 17:50:44, error message is: page over range !! 
current_time is: 2019-07-22 17:50:45, error message is: page over range !! 
current_time is: 2019-07-22 17:50:47, error message is: page over range !! 
current_time is: 2019-07-22 17:50:47, error message is: page over range !! 
current_time is: 2019-07-22 17:50:47, error message is: page over range !! 
===================== end time: 2019-07-22 17:50:47 ===================== 
===================== start time: 2019-07-22 18:33:48 ===================== 
current_time is: 2019-07-22 18:36:24, error message is: page over range !! 
current_time is: 2019-07-22 18:36:26, error message is: page over range !! 
current_time is: 2019-07-22 18:36:31, error message is: page over range !! 
current_time is: 2019-07-22 18:36:33, error message is: page over range !! 
current_time is: 2019-07-22 18:36:36, error message is: page over range !! 
current_time is: 2019-07-22 18:36:38, error message is: page over range !! 
current_time is: 2019-07-22 18:36:42, error message is: page over range !! 
current_time is: 2019-07-22 18:36:44, error message is: page over range !! 
current_time is: 2019-07-22 18:36:46, error message is: page over range !! 
current_time is: 2019-07-22 18:36:52, error message is: page over range !! 
current_time is: 2019-07-22 18:36:57, error message is: page over range !! 
current_time is: 2019-07-22 18:37:02, error message is: page over range !! 
current_time is: 2019-07-22 18:37:05, error message is: page over range !! 
current_time is: 2019-07-22 18:37:11, error message is: page over range !! 
current_time is: 2019-07-22 18:37:17, error message is: page over range !! 
current_time is: 2019-07-22 18:37:22, error message is: page over range !! 
current_time is: 2019-07-22 18:37:27, error message is: page over range !! 
current_time is: 2019-07-22 18:37:30, error message is: page over range !! 
current_time is: 2019-07-22 18:37:45, error message is: page over range !! 
current_time is: 2019-07-22 18:37:49, error message is: page over range !! 
current_time is: 2019-07-22 18:37:50, error message is: page over range !! 
current_time is: 2019-07-22 18:37:54, error message is: page over range !! 
current_time is: 2019-07-22 18:38:00, error message is: page over range !! 
current_time is: 2019-07-22 18:38:02, error message is: page over range !! 
current_time is: 2019-07-22 18:38:06, error message is: page over range !! 
current_time is: 2019-07-22 18:38:07, error message is: page over range !! 
current_time is: 2019-07-22 18:38:10, error message is: page over range !! 
current_time is: 2019-07-22 18:38:12, error message is: page over range !! 
current_time is: 2019-07-22 18:38:13, error message is: page over range !! 
current_time is: 2019-07-22 18:38:14, error message is: page over range !! 
current_time is: 2019-07-22 18:38:17, error message is: page over range !! 
current_time is: 2019-07-22 18:38:17, error message is: page over range !! 
current_time is: 2019-07-22 18:38:17, error message is: page over range !! 
===================== end time: 2019-07-22 18:38:17 ===================== 
===================== start time: 2019-07-22 18:49:25 ===================== 
current_time is: 2019-07-22 18:55:11, error message is: page over range !! 
current_time is: 2019-07-22 18:55:12, error message is: page over range !! 
current_time is: 2019-07-22 18:55:17, error message is: page over range !! 
current_time is: 2019-07-22 18:55:19, error message is: page over range !! 
current_time is: 2019-07-22 18:55:22, error message is: page over range !! 
current_time is: 2019-07-22 18:55:25, error message is: page over range !! 
current_time is: 2019-07-22 18:55:29, error message is: page over range !! 
current_time is: 2019-07-22 18:55:31, error message is: page over range !! 
current_time is: 2019-07-22 18:55:34, error message is: page over range !! 
current_time is: 2019-07-22 18:55:40, error message is: page over range !! 
current_time is: 2019-07-22 18:55:45, error message is: page over range !! 
current_time is: 2019-07-22 18:55:50, error message is: page over range !! 
current_time is: 2019-07-22 18:55:53, error message is: page over range !! 
current_time is: 2019-07-22 18:55:59, error message is: page over range !! 
current_time is: 2019-07-22 18:56:06, error message is: page over range !! 
current_time is: 2019-07-22 18:56:12, error message is: page over range !! 
current_time is: 2019-07-22 18:56:17, error message is: page over range !! 
current_time is: 2019-07-22 18:56:20, error message is: page over range !! 
current_time is: 2019-07-22 18:56:35, error message is: page over range !! 
current_time is: 2019-07-22 18:56:39, error message is: page over range !! 
current_time is: 2019-07-22 18:56:41, error message is: page over range !! 
current_time is: 2019-07-22 18:56:44, error message is: page over range !! 
current_time is: 2019-07-22 18:56:51, error message is: page over range !! 
current_time is: 2019-07-22 18:56:53, error message is: page over range !! 
current_time is: 2019-07-22 18:56:57, error message is: page over range !! 
current_time is: 2019-07-22 18:56:58, error message is: page over range !! 
current_time is: 2019-07-22 18:57:01, error message is: page over range !! 
current_time is: 2019-07-22 18:57:03, error message is: page over range !! 
current_time is: 2019-07-22 18:57:04, error message is: page over range !! 
current_time is: 2019-07-22 18:57:05, error message is: page over range !! 
current_time is: 2019-07-22 18:57:08, error message is: page over range !! 
current_time is: 2019-07-22 18:57:08, error message is: page over range !! 
current_time is: 2019-07-22 18:57:09, error message is: page over range !! 
===================== end time: 2019-07-22 18:57:09 ===================== 
===================== start time: 2019-07-22 19:48:34 ===================== 
error message is: 'NoneType' object has no attribute 'lower' 
===================== end time: 2019-07-22 20:48:19 ===================== 
===================== start time: 2019-07-22 20:49:51 ===================== 
current_time is: 2019-07-22 20:53:13, error message is: page over range !! 
current_time is: 2019-07-22 20:53:15, error message is: page over range !! 
current_time is: 2019-07-22 20:53:20, error message is: page over range !! 
current_time is: 2019-07-22 20:53:23, error message is: page over range !! 
current_time is: 2019-07-22 20:53:25, error message is: page over range !! 
current_time is: 2019-07-22 20:53:29, error message is: page over range !! 
current_time is: 2019-07-22 20:53:33, error message is: page over range !! 
current_time is: 2019-07-22 20:53:35, error message is: page over range !! 
current_time is: 2019-07-22 20:53:37, error message is: page over range !! 
current_time is: 2019-07-22 20:53:44, error message is: page over range !! 
current_time is: 2019-07-22 20:53:50, error message is: page over range !! 
current_time is: 2019-07-22 20:53:56, error message is: page over range !! 
current_time is: 2019-07-22 20:54:00, error message is: page over range !! 
current_time is: 2019-07-22 20:54:06, error message is: page over range !! 
current_time is: 2019-07-22 20:54:13, error message is: page over range !! 
current_time is: 2019-07-22 20:54:19, error message is: page over range !! 
current_time is: 2019-07-22 20:54:24, error message is: page over range !! 
current_time is: 2019-07-22 20:54:28, error message is: page over range !! 
current_time is: 2019-07-22 20:54:43, error message is: page over range !! 
current_time is: 2019-07-22 20:54:48, error message is: page over range !! 
current_time is: 2019-07-22 20:54:49, error message is: page over range !! 
current_time is: 2019-07-22 20:54:53, error message is: page over range !! 
current_time is: 2019-07-22 20:55:00, error message is: page over range !! 
current_time is: 2019-07-22 20:55:01, error message is: page over range !! 
current_time is: 2019-07-22 20:55:06, error message is: page over range !! 
current_time is: 2019-07-22 20:55:07, error message is: page over range !! 
current_time is: 2019-07-22 20:55:10, error message is: page over range !! 
current_time is: 2019-07-22 20:55:12, error message is: page over range !! 
current_time is: 2019-07-22 20:55:13, error message is: page over range !! 
current_time is: 2019-07-22 20:55:15, error message is: page over range !! 
current_time is: 2019-07-22 20:55:17, error message is: page over range !! 
current_time is: 2019-07-22 20:55:18, error message is: page over range !! 
current_time is: 2019-07-22 20:55:18, error message is: page over range !! 
current_time is: 2019-07-22 20:55:19, error message is: page over range !! 
current_time is: 2019-07-22 20:55:20, error message is: page over range !! 
current_time is: 2019-07-22 20:55:20, error message is: page over range !! 
current_time is: 2019-07-22 20:55:20, error message is: page over range !! 
current_time is: 2019-07-22 20:55:21, error message is: page over range !! 
current_time is: 2019-07-22 20:55:22, error message is: page over range !! 
current_time is: 2019-07-22 20:55:23, error message is: page over range !! 
current_time is: 2019-07-22 20:55:23, error message is: page over range !! 
current_time is: 2019-07-22 20:55:23, error message is: page over range !! 
current_time is: 2019-07-22 20:55:24, error message is: page over range !! 
current_time is: 2019-07-22 20:55:26, error message is: page over range !! 
current_time is: 2019-07-22 20:55:26, error message is: page over range !! 
current_time is: 2019-07-22 20:55:27, error message is: page over range !! 
current_time is: 2019-07-22 20:55:28, error message is: page over range !! 
current_time is: 2019-07-22 20:55:29, error message is: page over range !! 
current_time is: 2019-07-22 20:55:30, error message is: page over range !! 
current_time is: 2019-07-22 20:55:31, error message is: page over range !! 
current_time is: 2019-07-22 20:55:31, error message is: page over range !! 
current_time is: 2019-07-22 20:55:32, error message is: page over range !! 
current_time is: 2019-07-22 20:55:33, error message is: page over range !! 
current_time is: 2019-07-22 20:55:34, error message is: page over range !! 
current_time is: 2019-07-22 20:55:35, error message is: page over range !! 
current_time is: 2019-07-22 20:55:36, error message is: page over range !! 
current_time is: 2019-07-22 20:55:37, error message is: page over range !! 
current_time is: 2019-07-22 20:55:37, error message is: page over range !! 
current_time is: 2019-07-22 20:55:38, error message is: page over range !! 
current_time is: 2019-07-22 20:55:39, error message is: page over range !! 
current_time is: 2019-07-22 20:55:40, error message is: page over range !! 
current_time is: 2019-07-22 20:55:40, error message is: page over range !! 
current_time is: 2019-07-22 20:55:40, error message is: page over range !! 
current_time is: 2019-07-22 20:55:41, error message is: page over range !! 
current_time is: 2019-07-22 20:55:41, error message is: page over range !! 
current_time is: 2019-07-22 20:55:42, error message is: page over range !! 
current_time is: 2019-07-22 20:55:42, error message is: page over range !! 
current_time is: 2019-07-22 20:55:42, error message is: page over range !! 
current_time is: 2019-07-22 20:55:43, error message is: page over range !! 
current_time is: 2019-07-22 20:55:43, error message is: page over range !! 
current_time is: 2019-07-22 20:55:44, error message is: page over range !! 
current_time is: 2019-07-22 20:55:44, error message is: page over range !! 
current_time is: 2019-07-22 20:55:44, error message is: page over range !! 
current_time is: 2019-07-22 20:55:45, error message is: page over range !! 
current_time is: 2019-07-22 20:55:45, error message is: page over range !! 
current_time is: 2019-07-22 20:55:45, error message is: page over range !! 
current_time is: 2019-07-22 20:55:46, error message is: page over range !! 
current_time is: 2019-07-22 20:55:47, error message is: page over range !! 
current_time is: 2019-07-22 20:55:48, error message is: page over range !! 
current_time is: 2019-07-22 20:55:48, error message is: page over range !! 
current_time is: 2019-07-22 20:55:48, error message is: page over range !! 
current_time is: 2019-07-22 20:55:49, error message is: page over range !! 
current_time is: 2019-07-22 20:55:49, error message is: page over range !! 
current_time is: 2019-07-22 20:55:50, error message is: page over range !! 
current_time is: 2019-07-22 20:55:51, error message is: page over range !! 
current_time is: 2019-07-22 20:55:51, error message is: page over range !! 
current_time is: 2019-07-22 20:55:52, error message is: page over range !! 
current_time is: 2019-07-22 20:55:52, error message is: page over range !! 
current_time is: 2019-07-22 20:55:53, error message is: page over range !! 
current_time is: 2019-07-22 20:55:54, error message is: page over range !! 
current_time is: 2019-07-22 20:55:54, error message is: page over range !! 
current_time is: 2019-07-22 20:55:55, error message is: page over range !! 
current_time is: 2019-07-22 20:55:56, error message is: page over range !! 
current_time is: 2019-07-22 20:55:56, error message is: page over range !! 
current_time is: 2019-07-22 20:55:56, error message is: page over range !! 
current_time is: 2019-07-22 20:55:57, error message is: page over range !! 
current_time is: 2019-07-22 20:55:58, error message is: page over range !! 
current_time is: 2019-07-22 20:55:58, error message is: page over range !! 
current_time is: 2019-07-22 20:55:58, error message is: page over range !! 
current_time is: 2019-07-22 20:55:59, error message is: page over range !! 
current_time is: 2019-07-22 20:55:59, error message is: page over range !! 
current_time is: 2019-07-22 20:56:00, error message is: page over range !! 
current_time is: 2019-07-22 20:56:00, error message is: page over range !! 
current_time is: 2019-07-22 20:56:01, error message is: page over range !! 
current_time is: 2019-07-22 20:56:01, error message is: page over range !! 
current_time is: 2019-07-22 20:56:01, error message is: page over range !! 
current_time is: 2019-07-22 20:56:02, error message is: page over range !! 
current_time is: 2019-07-22 20:56:02, error message is: page over range !! 
current_time is: 2019-07-22 20:56:03, error message is: page over range !! 
current_time is: 2019-07-22 20:56:04, error message is: page over range !! 
current_time is: 2019-07-22 20:56:05, error message is: page over range !! 
current_time is: 2019-07-22 20:56:05, error message is: page over range !! 
current_time is: 2019-07-22 20:56:06, error message is: page over range !! 
current_time is: 2019-07-22 20:56:06, error message is: page over range !! 
current_time is: 2019-07-22 20:56:07, error message is: page over range !! 
current_time is: 2019-07-22 20:56:08, error message is: page over range !! 
current_time is: 2019-07-22 20:56:08, error message is: page over range !! 
current_time is: 2019-07-22 20:56:09, error message is: page over range !! 
current_time is: 2019-07-22 20:56:10, error message is: page over range !! 
current_time is: 2019-07-22 20:56:10, error message is: page over range !! 
current_time is: 2019-07-22 20:56:11, error message is: page over range !! 
current_time is: 2019-07-22 20:56:12, error message is: page over range !! 
current_time is: 2019-07-22 20:56:12, error message is: page over range !! 
current_time is: 2019-07-22 20:56:13, error message is: page over range !! 
current_time is: 2019-07-22 20:56:13, error message is: page over range !! 
current_time is: 2019-07-22 20:56:14, error message is: page over range !! 
current_time is: 2019-07-22 20:56:15, error message is: page over range !! 
current_time is: 2019-07-22 20:56:15, error message is: page over range !! 
current_time is: 2019-07-22 20:56:16, error message is: page over range !! 
current_time is: 2019-07-22 20:56:16, error message is: page over range !! 
current_time is: 2019-07-22 20:56:17, error message is: page over range !! 
current_time is: 2019-07-22 20:56:17, error message is: page over range !! 
current_time is: 2019-07-22 20:56:18, error message is: page over range !! 
current_time is: 2019-07-22 20:56:18, error message is: page over range !! 
current_time is: 2019-07-22 20:56:19, error message is: page over range !! 
current_time is: 2019-07-22 20:56:19, error message is: page over range !! 
current_time is: 2019-07-22 20:56:20, error message is: page over range !! 
current_time is: 2019-07-22 20:56:21, error message is: page over range !! 
current_time is: 2019-07-22 20:56:21, error message is: page over range !! 
current_time is: 2019-07-22 20:56:22, error message is: page over range !! 
current_time is: 2019-07-22 20:56:22, error message is: page over range !! 
current_time is: 2019-07-22 20:56:23, error message is: page over range !! 
current_time is: 2019-07-22 20:56:24, error message is: page over range !! 
current_time is: 2019-07-22 20:56:24, error message is: page over range !! 
current_time is: 2019-07-22 20:56:25, error message is: page over range !! 
current_time is: 2019-07-22 20:56:26, error message is: page over range !! 
current_time is: 2019-07-22 20:56:28, error message is: page over range !! 
current_time is: 2019-07-22 20:56:29, error message is: page over range !! 
current_time is: 2019-07-22 20:56:30, error message is: page over range !! 
current_time is: 2019-07-22 20:56:30, error message is: page over range !! 
current_time is: 2019-07-22 20:56:31, error message is: page over range !! 
current_time is: 2019-07-22 20:56:32, error message is: page over range !! 
current_time is: 2019-07-22 20:56:33, error message is: page over range !! 
current_time is: 2019-07-22 20:56:33, error message is: page over range !! 
current_time is: 2019-07-22 20:56:34, error message is: page over range !! 
current_time is: 2019-07-22 20:56:36, error message is: page over range !! 
current_time is: 2019-07-22 20:56:36, error message is: page over range !! 
current_time is: 2019-07-22 20:56:37, error message is: page over range !! 
current_time is: 2019-07-22 20:56:38, error message is: page over range !! 
current_time is: 2019-07-22 20:56:39, error message is: page over range !! 
current_time is: 2019-07-22 20:56:39, error message is: page over range !! 
current_time is: 2019-07-22 20:56:39, error message is: page over range !! 
current_time is: 2019-07-22 20:56:40, error message is: page over range !! 
current_time is: 2019-07-22 20:56:40, error message is: page over range !! 
current_time is: 2019-07-22 20:56:41, error message is: page over range !! 
current_time is: 2019-07-22 20:56:42, error message is: page over range !! 
current_time is: 2019-07-22 20:56:43, error message is: page over range !! 
current_time is: 2019-07-22 20:56:44, error message is: page over range !! 
current_time is: 2019-07-22 20:56:45, error message is: page over range !! 
current_time is: 2019-07-22 20:56:46, error message is: page over range !! 
current_time is: 2019-07-22 20:56:47, error message is: page over range !! 
===================== end time: 2019-07-22 20:56:48 ===================== 
===================== start time: 2019-07-22 20:56:57 ===================== 
current_time is: 2019-07-22 21:00:42, error message is: page over range !! 
===================== end time: 2019-07-22 21:00:43 ===================== 
===================== start time: 2019-07-22 21:05:40 ===================== 
current_time is: 2019-07-22 21:06:07, error message is: page over range !! 
current_time is: 2019-07-22 21:06:08, error message is: page over range !! 
current_time is: 2019-07-22 21:06:13, error message is: page over range !! 
current_time is: 2019-07-22 21:06:16, error message is: page over range !! 
current_time is: 2019-07-22 21:06:18, error message is: page over range !! 
current_time is: 2019-07-22 21:06:21, error message is: page over range !! 
current_time is: 2019-07-22 21:06:25, error message is: page over range !! 
current_time is: 2019-07-22 21:06:27, error message is: page over range !! 
current_time is: 2019-07-22 21:06:30, error message is: page over range !! 
===================== end time: 2019-07-22 21:06:33 ===================== 
===================== start time: 2019-07-22 21:08:12 ===================== 
current_time is: 2019-07-22 21:08:29, error message is: page over range !! 
current_time is: 2019-07-22 21:08:31, error message is: page over range !! 
current_time is: 2019-07-22 21:08:36, error message is: page over range !! 
===================== end time: 2019-07-22 21:08:38 ===================== 
===================== start time: 2019-07-22 21:13:12 ===================== 
current_time is: 2019-07-22 21:15:44, error message is: page over range !! 
current_time is: 2019-07-22 21:15:46, error message is: page over range !! 
current_time is: 2019-07-22 21:15:51, error message is: page over range !! 
current_time is: 2019-07-22 21:15:54, error message is: page over range !! 
current_time is: 2019-07-22 21:15:56, error message is: page over range !! 
current_time is: 2019-07-22 21:16:00, error message is: page over range !! 
current_time is: 2019-07-22 21:16:04, error message is: page over range !! 
current_time is: 2019-07-22 21:16:06, error message is: page over range !! 
current_time is: 2019-07-22 21:16:09, error message is: page over range !! 
current_time is: 2019-07-22 21:16:15, error message is: page over range !! 
current_time is: 2019-07-22 21:16:21, error message is: page over range !! 
current_time is: 2019-07-22 21:16:27, error message is: page over range !! 
current_time is: 2019-07-22 21:16:31, error message is: page over range !! 
current_time is: 2019-07-22 21:16:37, error message is: page over range !! 
current_time is: 2019-07-22 21:16:43, error message is: page over range !! 
current_time is: 2019-07-22 21:16:49, error message is: page over range !! 
current_time is: 2019-07-22 21:16:55, error message is: page over range !! 
current_time is: 2019-07-22 21:16:58, error message is: page over range !! 
current_time is: 2019-07-22 21:17:14, error message is: page over range !! 
current_time is: 2019-07-22 21:17:19, error message is: page over range !! 
current_time is: 2019-07-22 21:17:20, error message is: page over range !! 
current_time is: 2019-07-22 21:17:24, error message is: page over range !! 
current_time is: 2019-07-22 21:17:32, error message is: page over range !! 
current_time is: 2019-07-22 21:17:33, error message is: page over range !! 
current_time is: 2019-07-22 21:17:38, error message is: page over range !! 
current_time is: 2019-07-22 21:17:39, error message is: page over range !! 
current_time is: 2019-07-22 21:17:42, error message is: page over range !! 
current_time is: 2019-07-22 21:17:45, error message is: page over range !! 
current_time is: 2019-07-22 21:17:46, error message is: page over range !! 
current_time is: 2019-07-22 21:17:47, error message is: page over range !! 
current_time is: 2019-07-22 21:17:50, error message is: page over range !! 
current_time is: 2019-07-22 21:17:50, error message is: page over range !! 
current_time is: 2019-07-22 21:17:50, error message is: page over range !! 
current_time is: 2019-07-22 21:17:51, error message is: page over range !! 
current_time is: 2019-07-22 21:17:52, error message is: page over range !! 
current_time is: 2019-07-22 21:17:52, error message is: page over range !! 
current_time is: 2019-07-22 21:17:53, error message is: page over range !! 
current_time is: 2019-07-22 21:17:53, error message is: page over range !! 
current_time is: 2019-07-22 21:17:54, error message is: page over range !! 
current_time is: 2019-07-22 21:17:55, error message is: page over range !! 
current_time is: 2019-07-22 21:17:55, error message is: page over range !! 
current_time is: 2019-07-22 21:17:56, error message is: page over range !! 
current_time is: 2019-07-22 21:17:56, error message is: page over range !! 
current_time is: 2019-07-22 21:17:58, error message is: page over range !! 
current_time is: 2019-07-22 21:17:58, error message is: page over range !! 
current_time is: 2019-07-22 21:17:59, error message is: page over range !! 
current_time is: 2019-07-22 21:18:00, error message is: page over range !! 
current_time is: 2019-07-22 21:18:01, error message is: page over range !! 
current_time is: 2019-07-22 21:18:02, error message is: page over range !! 
current_time is: 2019-07-22 21:18:03, error message is: page over range !! 
current_time is: 2019-07-22 21:18:03, error message is: page over range !! 
current_time is: 2019-07-22 21:18:04, error message is: page over range !! 
current_time is: 2019-07-22 21:18:05, error message is: page over range !! 
current_time is: 2019-07-22 21:18:06, error message is: page over range !! 
current_time is: 2019-07-22 21:18:07, error message is: page over range !! 
current_time is: 2019-07-22 21:18:08, error message is: page over range !! 
current_time is: 2019-07-22 21:18:09, error message is: page over range !! 
current_time is: 2019-07-22 21:18:10, error message is: page over range !! 
current_time is: 2019-07-22 21:18:10, error message is: page over range !! 
current_time is: 2019-07-22 21:18:11, error message is: page over range !! 
current_time is: 2019-07-22 21:18:12, error message is: page over range !! 
current_time is: 2019-07-22 21:18:12, error message is: page over range !! 
current_time is: 2019-07-22 21:18:12, error message is: page over range !! 
current_time is: 2019-07-22 21:18:13, error message is: page over range !! 
current_time is: 2019-07-22 21:18:13, error message is: page over range !! 
current_time is: 2019-07-22 21:18:14, error message is: page over range !! 
current_time is: 2019-07-22 21:18:14, error message is: page over range !! 
current_time is: 2019-07-22 21:18:15, error message is: page over range !! 
current_time is: 2019-07-22 21:18:15, error message is: page over range !! 
current_time is: 2019-07-22 21:18:16, error message is: page over range !! 
current_time is: 2019-07-22 21:18:16, error message is: page over range !! 
current_time is: 2019-07-22 21:18:16, error message is: page over range !! 
current_time is: 2019-07-22 21:18:17, error message is: page over range !! 
current_time is: 2019-07-22 21:18:17, error message is: page over range !! 
current_time is: 2019-07-22 21:18:17, error message is: page over range !! 
current_time is: 2019-07-22 21:18:18, error message is: page over range !! 
current_time is: 2019-07-22 21:18:19, error message is: page over range !! 
current_time is: 2019-07-22 21:18:19, error message is: page over range !! 
current_time is: 2019-07-22 21:18:20, error message is: page over range !! 
current_time is: 2019-07-22 21:18:20, error message is: page over range !! 
current_time is: 2019-07-22 21:18:21, error message is: page over range !! 
current_time is: 2019-07-22 21:18:22, error message is: page over range !! 
current_time is: 2019-07-22 21:18:22, error message is: page over range !! 
current_time is: 2019-07-22 21:18:23, error message is: page over range !! 
current_time is: 2019-07-22 21:18:24, error message is: page over range !! 
current_time is: 2019-07-22 21:18:24, error message is: page over range !! 
current_time is: 2019-07-22 21:18:24, error message is: page over range !! 
current_time is: 2019-07-22 21:18:25, error message is: page over range !! 
current_time is: 2019-07-22 21:18:26, error message is: page over range !! 
current_time is: 2019-07-22 21:18:26, error message is: page over range !! 
current_time is: 2019-07-22 21:18:27, error message is: page over range !! 
current_time is: 2019-07-22 21:18:27, error message is: page over range !! 
current_time is: 2019-07-22 21:18:28, error message is: page over range !! 
current_time is: 2019-07-22 21:18:29, error message is: page over range !! 
current_time is: 2019-07-22 21:18:29, error message is: page over range !! 
current_time is: 2019-07-22 21:18:29, error message is: page over range !! 
current_time is: 2019-07-22 21:18:30, error message is: page over range !! 
current_time is: 2019-07-22 21:18:31, error message is: page over range !! 
current_time is: 2019-07-22 21:18:31, error message is: page over range !! 
current_time is: 2019-07-22 21:18:32, error message is: page over range !! 
current_time is: 2019-07-22 21:18:32, error message is: page over range !! 
current_time is: 2019-07-22 21:18:33, error message is: page over range !! 
current_time is: 2019-07-22 21:18:33, error message is: page over range !! 
current_time is: 2019-07-22 21:18:34, error message is: page over range !! 
current_time is: 2019-07-22 21:18:34, error message is: page over range !! 
current_time is: 2019-07-22 21:18:34, error message is: page over range !! 
current_time is: 2019-07-22 21:18:35, error message is: page===================== start time: 2019-07-22 21:28:36 ===================== 
===================== start time: 2019-07-22 21:29:15 ===================== 
===================== end time: 2019-07-22 21:31:59 ===================== 
